<?xml version="1.0" encoding="UTF-8"?>
<!-- Generated by org.testng.reporters.JUnitReportReporter -->
<testsuite skipped="0" hostname="VINAYS-FLEX" name="com.makemytrip.BookTickets" tests="1" failures="0" timestamp="2020-06-15T13:09:18 IST" time="115.917" errors="0">
  <testcase name="flightsFromHyderabadToMumbai" time="115.917" classname="com.makemytrip.BookTickets"/>
  <system-out/>
</testsuite> <!-- com.makemytrip.BookTickets -->
