<?xml version="1.0" encoding="UTF-8"?>
<!-- Generated by org.testng.reporters.JUnitReportReporter -->
<testsuite skipped="0" hostname="VINAYS-FLEX" name="com.makemytrip.BookTickets" tests="1" failures="0" timestamp="2020-06-10T12:49:21 IST" time="115.897" errors="0">
  <testcase name="flightsFromHydToMumbai" time="115.897" classname="com.makemytrip.BookTickets"/>
  <system-out/>
</testsuite> <!-- com.makemytrip.BookTickets -->
