<?xml version="1.0" encoding="UTF-8"?>
<!-- Generated by org.testng.reporters.JUnitReportReporter -->
<testsuite skipped="0" hostname="VINAYS-FLEX" name="com.makemytrip.googleSearch" tests="1" failures="0" timestamp="2020-06-10T12:01:36 IST" time="11.250" errors="0">
  <testcase name="serchFunctionality" time="11.250" classname="com.makemytrip.googleSearch"/>
  <system-out/>
</testsuite> <!-- com.makemytrip.googleSearch -->
