<?xml version="1.0" encoding="UTF-8"?>
<!-- Generated by org.testng.reporters.JUnitReportReporter -->
<testsuite skipped="0" hostname="VINAYS-FLEX" name="com.cleartrip.BookTicketsOneWay" tests="1" failures="0" timestamp="2020-06-15T12:38:08 IST" time="115.723" errors="0">
  <testcase name="flightsFromHydToMumbai" time="115.723" classname="com.cleartrip.BookTicketsOneWay"/>
  <system-out/>
</testsuite> <!-- com.cleartrip.BookTicketsOneWay -->
